<?xml version="1.0" encoding="UTF-8"?>
<!-- Generated by org.testng.reporters.JUnitReportReporter -->
<testsuite hostname="DESKTOP-CF6GC4C" failures="0" tests="1" name="com.Project1.TripPlan.TripPlan" time="67.981" errors="0" timestamp="2020-10-08T12:24:31 IST" skipped="0">
  <testcase classname="com.Project1.TripPlan.TripPlan" name="f" time="67.981"/>
  <system-out/>
</testsuite> <!-- com.Project1.TripPlan.TripPlan -->
